<?xml version="1.0" encoding="UTF-8"?>
<!-- Generated by org.testng.reporters.JUnitReportReporter -->
<testsuite hostname="Ajay" failures="0" tests="2" name="testNG.TestNGHierarchyOrders" time="0.010" errors="0" timestamp="01 May 2024 15:04:46 GMT" skipped="0">
  <testcase classname="testNG.TestNGHierarchyOrders" name="test2" time="0.003"/>
  <testcase classname="testNG.TestNGHierarchyOrders" name="test1" time="0.007"/>
</testsuite> <!-- testNG.TestNGHierarchyOrders -->
