<?xml version="1.0" encoding="UTF-8"?>
<!-- Generated by org.testng.reporters.JUnitReportReporter -->
<testsuite hostname="Ajay" failures="0" tests="3" name="testNG.PriorityTestNG" time="0.008" errors="0" timestamp="25 Apr 2024 06:22:17 GMT" skipped="0">
  <testcase classname="testNG.PriorityTestNG" name="cloginTest" time="0.002"/>
  <testcase classname="testNG.PriorityTestNG" name="bregisterTest" time="0.005"/>
  <testcase classname="testNG.PriorityTestNG" name="alogoutTest" time="0.001"/>
</testsuite> <!-- testNG.PriorityTestNG -->
