<?xml version="1.0" encoding="UTF-8"?>
<!-- Generated by org.testng.reporters.JUnitReportReporter -->
<testsuite hostname="Ajay" failures="0" tests="2" name="testNG.CalenderWithTestNG" time="34.196" errors="0" timestamp="23 Apr 2024 15:26:26 GMT" skipped="0">
  <testcase classname="testNG.CalenderWithTestNG" name="loginDemoQAPlatform" time="31.788"/>
  <testcase classname="testNG.CalenderWithTestNG" name="selectCalenderinsideTable" time="2.408"/>
</testsuite> <!-- testNG.CalenderWithTestNG -->
