<?xml version="1.0" encoding="UTF-8"?>
<!-- Generated by org.testng.reporters.JUnitReportReporter -->
<testsuite hostname="Ajay" failures="0" tests="1" name="testNG.TestAnotationExp" time="7.826" errors="0" timestamp="25 Apr 2024 06:22:17 GMT" skipped="0">
  <testcase classname="testNG.TestAnotationExp" name="verifyHomepageTitle" time="7.826"/>
</testsuite> <!-- testNG.TestAnotationExp -->
