<?xml version="1.0" encoding="UTF-8"?>
<!-- Generated by org.testng.reporters.JUnitReportReporter -->
<testsuite hostname="Ajay" failures="0" tests="1" name="loginTest.withoutDataDriven.BothInCorrectLogin" time="7.155" errors="0" timestamp="01 May 2024 11:29:38 GMT" skipped="0">
  <testcase classname="loginTest.withoutDataDriven.BothInCorrectLogin" name="loginWithInCorrectData" time="7.155"/>
</testsuite> <!-- loginTest.withoutDataDriven.BothInCorrectLogin -->
