<?xml version="1.0" encoding="UTF-8"?>
<!-- Generated by org.testng.reporters.JUnitReportReporter -->
<testsuite hostname="Ajay" failures="0" tests="1" name="loginTest.withoutDataDriven.CorrectUserNameWrongPassword" time="7.909" errors="0" timestamp="01 May 2024 11:29:38 GMT" skipped="0">
  <testcase classname="loginTest.withoutDataDriven.CorrectUserNameWrongPassword" name="correctUserWrongPass" time="7.909"/>
</testsuite> <!-- loginTest.withoutDataDriven.CorrectUserNameWrongPassword -->
