<?xml version="1.0" encoding="UTF-8"?>
<!-- Generated by org.testng.reporters.JUnitReportReporter -->
<testsuite hostname="Ajay" failures="0" tests="2" name="testNG.CalenderwithDependency" time="16.734" errors="0" timestamp="2024-05-27T21:02:26 IST" skipped="0">
  <testcase classname="testNG.CalenderwithDependency" name="selectCalenderinsideTable" time="2.527"/>
  <system-out/>
  <testcase classname="testNG.CalenderwithDependency" name="loginDemoQAPlatform" time="14.207"/>
  <system-out/>
</testsuite> <!-- testNG.CalenderwithDependency -->
