<?xml version="1.0" encoding="UTF-8"?>
<!-- Generated by org.testng.reporters.JUnitReportReporter -->
<testsuite hostname="Ajay" failures="0" tests="6" name="testNG.GroupingTestNG" time="0.017" errors="0" timestamp="25 Apr 2024 15:37:33 GMT" skipped="0">
  <testcase classname="testNG.GroupingTestNG" name="driftCar" time="0.001"/>
  <testcase classname="testNG.GroupingTestNG" name="buyCar" time="0.009"/>
  <testcase classname="testNG.GroupingTestNG" name="driveBike" time="0.001"/>
  <testcase classname="testNG.GroupingTestNG" name="driveCar" time="0.001"/>
  <testcase classname="testNG.GroupingTestNG" name="crashCar" time="0.002"/>
  <testcase classname="testNG.GroupingTestNG" name="driftBike" time="0.003"/>
</testsuite> <!-- testNG.GroupingTestNG -->
